[2025-08-19T08:41:29.775Z] [ERROR] Error starting PPPoE monitoring: getSetting(...).toLowerCase is not a function
[2025-08-19T08:43:02.256Z] [ERROR] Failed to send PPPoE notification to 6281947215703 after 2 retries
[2025-08-19T08:43:35.411Z] [ERROR] Failed to send PPPoE notification to 62838076656 after 2 retries
[2025-08-19T08:44:02.405Z] [ERROR] Failed to send PPPoE notification to 6281947215703 after 2 retries
[2025-08-19T08:44:08.658Z] [ERROR] Failed to send PPPoE notification to 62822180947 after 2 retries
[2025-08-19T08:44:35.514Z] [ERROR] Failed to send PPPoE notification to 62838076656 after 2 retries
[2025-08-19T08:45:08.543Z] [ERROR] Failed to send PPPoE notification to 62822180947 after 2 retries
[2025-08-19T08:48:40.001Z] [ERROR] Error starting PPPoE monitoring: getSetting(...).toLowerCase is not a function
[2025-08-19T08:50:12.417Z] [ERROR] Failed to send PPPoE notification to 6281947215703 after 2 retries
[2025-08-19T08:50:45.445Z] [ERROR] Failed to send PPPoE notification to 62838076656 after 2 retries
[2025-08-19T08:51:12.370Z] [ERROR] Failed to send PPPoE notification to 6281947215703 after 2 retries
[2025-08-19T08:51:18.471Z] [ERROR] Failed to send PPPoE notification to 62822180947 after 2 retries
[2025-08-19T08:51:45.391Z] [ERROR] Failed to send PPPoE notification to 62838076656 after 2 retries
[2025-08-19T08:52:18.423Z] [ERROR] Failed to send PPPoE notification to 62822180947 after 2 retries
[2025-08-20T01:55:01.701Z] [ERROR] Error starting PPPoE monitoring: getSetting(...).toLowerCase is not a function
[2025-08-20T01:55:01.705Z] [ERROR] Error starting PPPoE monitoring: getSetting(...).toLowerCase is not a function
[2025-08-20T01:55:01.801Z] [ERROR] ❌ ERROR: Port 3003 sudah digunakan oleh aplikasi lain!
[2025-08-20T01:55:01.811Z] [ERROR] 💡 Solusi: Hentikan aplikasi yang menggunakan port 3003 atau ubah port di settings.json
[2025-08-20T01:55:01.812Z] [ERROR] 🔍 Cek aplikasi yang menggunakan port: netstat -ano | findstr :3003
[2025-08-20T01:56:34.730Z] [ERROR] Failed to send PPPoE notification to 6281947215703 after 2 retries
[2025-08-20T01:57:07.846Z] [ERROR] Failed to send PPPoE notification to 62838076656 after 2 retries
[2025-08-20T01:57:34.396Z] [ERROR] Failed to send PPPoE notification to 6281947215703 after 2 retries
[2025-08-20T01:57:40.993Z] [ERROR] Failed to send PPPoE notification to 62822180947 after 2 retries
[2025-08-20T01:58:07.466Z] [ERROR] Failed to send PPPoE notification to 62838076656 after 2 retries
[2025-08-20T01:58:40.490Z] [ERROR] Failed to send PPPoE notification to 62822180947 after 2 retries
[2025-08-20T01:59:04.336Z] [ERROR] Failed to send PPPoE notification to 6281947215703 after 2 retries
[2025-08-20T01:59:07.358Z] [ERROR] Failed to send PPPoE notification to 62838076656 after 2 retries
[2025-08-20T01:59:10.378Z] [ERROR] Failed to send PPPoE notification to 62822180947 after 2 retries
[2025-08-20T02:06:48.594Z] [ERROR] Error starting PPPoE monitoring: getSetting(...).toLowerCase is not a function
[2025-08-20T02:06:48.601Z] [ERROR] ❌ ERROR: Port 3003 sudah digunakan oleh aplikasi lain!
[2025-08-20T02:06:48.601Z] [ERROR] 💡 Solusi: Hentikan aplikasi yang menggunakan port 3003 atau ubah port di settings.json
[2025-08-20T02:06:48.602Z] [ERROR] 🔍 Cek aplikasi yang menggunakan port: netstat -ano | findstr :3003
[2025-08-20T02:08:50.475Z] [ERROR] Error starting PPPoE monitoring: getSetting(...).toLowerCase is not a function
[2025-08-20T02:10:22.921Z] [ERROR] Failed to send PPPoE notification to 6281947215703 after 2 retries
[2025-08-20T02:10:55.946Z] [ERROR] Failed to send PPPoE notification to 62838076656 after 2 retries
[2025-08-20T02:11:22.857Z] [ERROR] Failed to send PPPoE notification to 6281947215703 after 2 retries
[2025-08-20T02:11:28.966Z] [ERROR] Failed to send PPPoE notification to 62822180947 after 2 retries
[2025-08-20T02:11:55.893Z] [ERROR] Failed to send PPPoE notification to 62838076656 after 2 retries
[2025-08-20T02:12:28.918Z] [ERROR] Failed to send PPPoE notification to 62822180947 after 2 retries
[2025-08-20T02:13:39.014Z] [ERROR] WhatsApp sock not initialized
[2025-08-20T02:13:58.352Z] [ERROR] Error starting PPPoE monitoring: getSetting(...).toLowerCase is not a function
[2025-08-20T02:15:04.488Z] [ERROR] Failed to send PPPoE notification to 6281947215703 after 2 retries
[2025-08-20T02:15:07.497Z] [ERROR] Failed to send PPPoE notification to 62838076656 after 2 retries
[2025-08-20T02:15:10.505Z] [ERROR] Failed to send PPPoE notification to 62822180947 after 2 retries
[2025-08-20T02:15:30.720Z] [ERROR] Failed to send PPPoE notification to 6281947215703 after 2 retries
[2025-08-20T02:16:03.741Z] [ERROR] Failed to send PPPoE notification to 62838076656 after 2 retries
[2025-08-20T02:16:04.487Z] [ERROR] Failed to send PPPoE notification to 6281947215703 after 2 retries
[2025-08-20T02:16:07.517Z] [ERROR] Failed to send PPPoE notification to 62838076656 after 2 retries
[2025-08-20T02:16:10.535Z] [ERROR] Failed to send PPPoE notification to 62822180947 after 2 retries
[2025-08-20T02:18:13.666Z] [ERROR] Error starting PPPoE monitoring: getSetting(...).toLowerCase is not a function
[2025-08-20T02:19:46.092Z] [ERROR] Failed to send PPPoE notification to 6281947215703 after 2 retries
[2025-08-20T02:20:19.142Z] [ERROR] Failed to send PPPoE notification to 62838076656 after 2 retries
[2025-08-20T02:20:46.039Z] [ERROR] Failed to send PPPoE notification to 6281947215703 after 2 retries
[2025-08-20T02:20:52.158Z] [ERROR] Failed to send PPPoE notification to 62822180947 after 2 retries
[2025-08-20T02:21:19.059Z] [ERROR] Failed to send PPPoE notification to 62838076656 after 2 retries
[2025-08-20T02:21:52.100Z] [ERROR] Failed to send PPPoE notification to 62822180947 after 2 retries
[2025-08-20T02:28:16.102Z] [ERROR] Failed to send PPPoE notification to 6281947215703 after 2 retries
[2025-08-20T02:28:19.120Z] [ERROR] Failed to send PPPoE notification to 62838076656 after 2 retries
[2025-08-20T02:28:22.140Z] [ERROR] Failed to send PPPoE notification to 62822180947 after 2 retries
[2025-08-20T02:29:04.615Z] [ERROR] Failed to send PPPoE notification to 6281947215703 after 2 retries
[2025-08-20T02:29:07.633Z] [ERROR] Failed to send PPPoE notification to 62838076656 after 2 retries
[2025-08-20T02:29:10.656Z] [ERROR] Failed to send PPPoE notification to 62822180947 after 2 retries
[2025-08-20T02:33:04.639Z] [ERROR] Failed to send PPPoE notification to 6281947215703 after 2 retries
[2025-08-20T02:33:07.658Z] [ERROR] Failed to send PPPoE notification to 62838076656 after 2 retries
[2025-08-20T02:33:10.675Z] [ERROR] Failed to send PPPoE notification to 62822180947 after 2 retries
[2025-08-20T02:33:16.120Z] [ERROR] Failed to send PPPoE notification to 6281947215703 after 2 retries
[2025-08-20T02:33:19.137Z] [ERROR] Failed to send PPPoE notification to 62838076656 after 2 retries
[2025-08-20T02:33:22.157Z] [ERROR] Failed to send PPPoE notification to 62822180947 after 2 retries
[2025-08-20T02:34:16.122Z] [ERROR] Failed to send PPPoE notification to 6281947215703 after 2 retries
[2025-08-20T02:34:19.140Z] [ERROR] Failed to send PPPoE notification to 62838076656 after 2 retries
[2025-08-20T02:34:22.158Z] [ERROR] Failed to send PPPoE notification to 62822180947 after 2 retries
[2025-08-20T02:35:04.630Z] [ERROR] Failed to send PPPoE notification to 6281947215703 after 2 retries
[2025-08-20T02:35:07.648Z] [ERROR] Failed to send PPPoE notification to 62838076656 after 2 retries
[2025-08-20T02:35:10.677Z] [ERROR] Failed to send PPPoE notification to 62822180947 after 2 retries
[2025-08-20T02:39:16.151Z] [ERROR] Failed to send PPPoE notification to 6281947215703 after 2 retries
[2025-08-20T02:39:19.175Z] [ERROR] Failed to send PPPoE notification to 62838076656 after 2 retries
[2025-08-20T02:39:22.199Z] [ERROR] Failed to send PPPoE notification to 62822180947 after 2 retries
[2025-08-20T05:27:40.899Z] [ERROR] Error starting PPPoE monitoring: getSetting(...).toLowerCase is not a function
[2025-08-20T05:29:13.320Z] [ERROR] Failed to send PPPoE notification to 6281947215703 after 2 retries
[2025-08-20T05:29:46.350Z] [ERROR] Failed to send PPPoE notification to 62838076656 after 2 retries
[2025-08-20T05:30:13.328Z] [ERROR] Failed to send PPPoE notification to 6281947215703 after 2 retries
[2025-08-20T05:30:19.371Z] [ERROR] Failed to send PPPoE notification to 62822180947 after 2 retries
[2025-08-20T05:30:46.350Z] [ERROR] Failed to send PPPoE notification to 62838076656 after 2 retries
[2025-08-20T05:31:19.357Z] [ERROR] Failed to send PPPoE notification to 62822180947 after 2 retries
[2025-08-20T05:35:24.420Z] [ERROR] Error starting PPPoE monitoring: getSetting(...).toLowerCase is not a function
[2025-08-20T05:36:56.904Z] [ERROR] Failed to send PPPoE notification to 6281947215703 after 2 retries
[2025-08-20T05:37:29.940Z] [ERROR] Failed to send PPPoE notification to 62838076656 after 2 retries
[2025-08-20T05:37:56.892Z] [ERROR] Failed to send PPPoE notification to 6281947215703 after 2 retries
[2025-08-20T05:38:02.982Z] [ERROR] Failed to send PPPoE notification to 62822180947 after 2 retries
[2025-08-20T05:38:29.911Z] [ERROR] Failed to send PPPoE notification to 62838076656 after 2 retries
[2025-08-20T05:39:02.933Z] [ERROR] Failed to send PPPoE notification to 62822180947 after 2 retries
[2025-08-21T15:00:09.210Z] [ERROR] Error starting PPPoE monitoring: getSetting(...).toLowerCase is not a function
[2025-08-21T15:01:41.880Z] [ERROR] Failed to send PPPoE notification to 6281947215703 after 2 retries
[2025-08-21T15:02:14.902Z] [ERROR] Failed to send PPPoE notification to 62838076656 after 2 retries
[2025-08-21T15:02:41.746Z] [ERROR] Failed to send PPPoE notification to 6281947215703 after 2 retries
[2025-08-21T15:02:48.088Z] [ERROR] Failed to send PPPoE notification to 62822180947 after 2 retries
[2025-08-21T15:03:14.762Z] [ERROR] Failed to send PPPoE notification to 62838076656 after 2 retries
[2025-08-21T15:03:47.795Z] [ERROR] Failed to send PPPoE notification to 62822180947 after 2 retries
[2025-08-21T15:19:18.543Z] [ERROR] Error starting PPPoE monitoring: getSetting(...).toLowerCase is not a function
[2025-08-21T15:32:01.840Z] [ERROR] Error starting PPPoE monitoring: getSetting(...).toLowerCase is not a function
[2025-08-21T15:42:26.644Z] [ERROR] Error starting PPPoE monitoring: getSetting(...).toLowerCase is not a function
[2025-08-21T15:43:59.076Z] [ERROR] Failed to send PPPoE notification to 6281947215703 after 2 retries
[2025-08-21T15:44:32.110Z] [ERROR] Failed to send PPPoE notification to 62838076656 after 2 retries
[2025-08-21T15:44:59.036Z] [ERROR] Failed to send PPPoE notification to 6281947215703 after 2 retries
[2025-08-21T15:45:05.149Z] [ERROR] Failed to send PPPoE notification to 62822180947 after 2 retries
[2025-08-21T15:45:32.080Z] [ERROR] Failed to send PPPoE notification to 62838076656 after 2 retries
[2025-08-22T05:48:52.649Z] [ERROR] Error starting PPPoE monitoring: getSetting(...).toLowerCase is not a function
[2025-08-22T05:50:25.067Z] [ERROR] Failed to send PPPoE notification to 6281947215703 after 2 retries
[2025-08-22T05:50:37.591Z] [ERROR] WhatsApp sock not initialized
[2025-08-22T05:50:58.095Z] [ERROR] Failed to send PPPoE notification to 62838076656 after 2 retries
[2025-08-22T05:51:16.207Z] [ERROR] Error creating customer payment:
{
  "name": "Error",
  "message": "Tripay API error 400: {\"success\":false,\"message\":\"Invalid API Key\"}",
  "stack": "Error: Tripay API error 400: {\"success\":false,\"message\":\"Invalid API Key\"}\n    at TripayGateway.createPaymentWithMethod (E:\\gembok-bill\\config\\paymentGateway.js:513:19)\n    at process.processTicksAndRejections (node:internal/process/task_queues:105:5)\n    at async PaymentGatewayManager.createPaymentWithMethod (E:\\gembok-bill\\config\\paymentGateway.js:148:26)\n    at async E:\\gembok-bill\\config\\billing.js:1234:39"
}
[2025-08-22T05:51:25.039Z] [ERROR] Failed to send PPPoE notification to 6281947215703 after 2 retries
[2025-08-22T05:51:31.111Z] [ERROR] Failed to send PPPoE notification to 62822180947 after 2 retries
[2025-08-22T05:51:58.070Z] [ERROR] Failed to send PPPoE notification to 62838076656 after 2 retries
[2025-08-22T05:52:31.114Z] [ERROR] Failed to send PPPoE notification to 62822180947 after 2 retries
[2025-08-22T06:02:27.954Z] [ERROR] Error starting PPPoE monitoring: getSetting(...).toLowerCase is not a function
[2025-08-22T06:04:00.326Z] [ERROR] Failed to send PPPoE notification to 6281947215703 after 2 retries
[2025-08-22T06:04:33.368Z] [ERROR] Failed to send PPPoE notification to 62838076656 after 2 retries
[2025-08-22T06:05:00.318Z] [ERROR] Failed to send PPPoE notification to 6281947215703 after 2 retries
[2025-08-22T06:05:06.400Z] [ERROR] Failed to send PPPoE notification to 62822180947 after 2 retries
[2025-08-22T06:05:33.382Z] [ERROR] Failed to send PPPoE notification to 62838076656 after 2 retries
[2025-08-22T06:06:06.409Z] [ERROR] Failed to send PPPoE notification to 62822180947 after 2 retries
[2025-08-22T06:23:39.740Z] [ERROR] Error starting PPPoE monitoring: getSetting(...).toLowerCase is not a function
[2025-08-23T01:57:35.698Z] [ERROR] Error starting PPPoE monitoring: getSetting(...).toLowerCase is not a function
[2025-08-23T01:57:37.779Z] [ERROR] Error connecting to Mikrotik: 
[2025-08-23T01:57:57.146Z] [ERROR] Error connecting to Mikrotik: 
[2025-08-23T01:57:57.147Z] [ERROR] No Mikrotik connection available
[2025-08-23T01:57:59.189Z] [ERROR] Error connecting to Mikrotik: 
[2025-08-23T01:58:01.227Z] [ERROR] Error connecting to Mikrotik: 
[2025-08-23T01:58:01.229Z] [ERROR] No Mikrotik connection available
[2025-08-23T01:58:03.449Z] [ERROR] Error connecting to Mikrotik: 
[2025-08-23T01:58:03.450Z] [ERROR] No Mikrotik connection available
[2025-08-23T01:58:03.453Z] [ERROR] Error connecting to Mikrotik: 
[2025-08-23T01:58:06.474Z] [ERROR] Error connecting to Mikrotik: 
[2025-08-23T01:58:09.472Z] [ERROR] Error connecting to Mikrotik: 
[2025-08-23T01:58:23.238Z] [ERROR] Error connecting to Mikrotik: 
[2025-08-23T01:58:23.239Z] [ERROR] No Mikrotik connection available
[2025-08-23T01:58:37.771Z] [ERROR] Error connecting to Mikrotik: 
[2025-08-23T01:58:37.943Z] [ERROR] Error connecting to Mikrotik: 
[2025-08-23T01:58:37.944Z] [ERROR] No Mikrotik connection available for PPPoE monitoring
[2025-08-23T01:58:39.217Z] [ERROR] Error connecting to Mikrotik: 
[2025-08-23T01:58:39.218Z] [ERROR] No Mikrotik connection available
[2025-08-23T01:58:41.254Z] [ERROR] Error connecting to Mikrotik: 
[2025-08-23T01:58:43.286Z] [ERROR] Error connecting to Mikrotik: 
[2025-08-23T01:58:43.288Z] [ERROR] No Mikrotik connection available
[2025-08-23T01:58:45.451Z] [ERROR] Error connecting to Mikrotik: 
[2025-08-23T01:58:45.452Z] [ERROR] No Mikrotik connection available
[2025-08-23T01:58:45.454Z] [ERROR] Error connecting to Mikrotik: 
[2025-08-23T01:58:48.460Z] [ERROR] Error connecting to Mikrotik: 
[2025-08-23T01:58:51.739Z] [ERROR] Error connecting to Mikrotik: 
[2025-08-23T01:58:54.726Z] [ERROR] Error connecting to Mikrotik: 
[2025-08-23T01:58:57.043Z] [ERROR] Error connecting to Mikrotik: 
[2025-08-23T01:58:58.477Z] [ERROR] Error connecting to Mikrotik: 
[2025-08-23T01:59:00.527Z] [ERROR] Error connecting to Mikrotik: 
[2025-08-23T01:59:03.731Z] [ERROR] Error connecting to Mikrotik: 
[2025-08-23T01:59:06.740Z] [ERROR] Error connecting to Mikrotik: 
[2025-08-23T01:59:09.749Z] [ERROR] Error connecting to Mikrotik: 
[2025-08-23T01:59:12.739Z] [ERROR] Error connecting to Mikrotik: 
[2025-08-23T01:59:15.747Z] [ERROR] Error connecting to Mikrotik: 
[2025-08-23T01:59:18.735Z] [ERROR] Error connecting to Mikrotik: 
[2025-08-23T01:59:21.746Z] [ERROR] Error connecting to Mikrotik: 
[2025-08-23T01:59:24.731Z] [ERROR] Error connecting to Mikrotik: 
[2025-08-23T01:59:27.755Z] [ERROR] Error connecting to Mikrotik: 
[2025-08-23T01:59:30.732Z] [ERROR] Error connecting to Mikrotik: 
[2025-08-23T01:59:33.762Z] [ERROR] Error connecting to Mikrotik: 
[2025-08-23T01:59:36.747Z] [ERROR] Error connecting to Mikrotik: 
[2025-08-23T01:59:37.967Z] [ERROR] Error connecting to Mikrotik: 
[2025-08-23T01:59:37.968Z] [ERROR] No Mikrotik connection available for PPPoE monitoring
[2025-08-23T01:59:39.756Z] [ERROR] Error connecting to Mikrotik: 
[2025-08-23T01:59:42.719Z] [ERROR] Error connecting to Mikrotik: 
[2025-08-23T01:59:45.746Z] [ERROR] Error connecting to Mikrotik: 
[2025-08-23T01:59:48.760Z] [ERROR] Error connecting to Mikrotik: 
[2025-08-23T01:59:51.738Z] [ERROR] Error connecting to Mikrotik: 
[2025-08-23T01:59:54.744Z] [ERROR] Error connecting to Mikrotik: 
[2025-08-23T01:59:57.764Z] [ERROR] Error connecting to Mikrotik: 
[2025-08-23T02:00:00.729Z] [ERROR] Error connecting to Mikrotik: 
[2025-08-23T02:00:37.745Z] [ERROR] Error connecting to Mikrotik: 
[2025-08-23T02:00:37.962Z] [ERROR] Error connecting to Mikrotik: 
[2025-08-23T02:00:37.963Z] [ERROR] No Mikrotik connection available for PPPoE monitoring
[2025-08-23T02:01:37.744Z] [ERROR] Error connecting to Mikrotik: 
[2025-08-23T02:01:37.975Z] [ERROR] Error connecting to Mikrotik: 
[2025-08-23T02:01:37.976Z] [ERROR] No Mikrotik connection available for PPPoE monitoring
[2025-08-23T02:02:37.085Z] [ERROR] Error connecting to Mikrotik: 
[2025-08-23T02:02:37.735Z] [ERROR] Error connecting to Mikrotik: 
[2025-08-23T02:02:37.971Z] [ERROR] Error connecting to Mikrotik: 
[2025-08-23T02:02:37.972Z] [ERROR] No Mikrotik connection available for PPPoE monitoring
[2025-08-23T02:03:37.731Z] [ERROR] Error connecting to Mikrotik: 
[2025-08-23T02:03:37.970Z] [ERROR] Error connecting to Mikrotik: 
[2025-08-23T02:03:37.971Z] [ERROR] No Mikrotik connection available for PPPoE monitoring
[2025-08-23T02:04:37.743Z] [ERROR] Error connecting to Mikrotik: 
[2025-08-23T02:04:37.981Z] [ERROR] Error connecting to Mikrotik: 
[2025-08-23T02:04:37.982Z] [ERROR] No Mikrotik connection available for PPPoE monitoring
[2025-08-23T02:05:37.742Z] [ERROR] Error connecting to Mikrotik: 
[2025-08-23T02:05:37.996Z] [ERROR] Error connecting to Mikrotik: 
[2025-08-23T02:05:37.996Z] [ERROR] No Mikrotik connection available for PPPoE monitoring
[2025-08-23T02:06:37.741Z] [ERROR] Error connecting to Mikrotik: 
[2025-08-23T02:06:38.005Z] [ERROR] Error connecting to Mikrotik: 
[2025-08-23T02:06:38.006Z] [ERROR] No Mikrotik connection available for PPPoE monitoring
[2025-08-23T02:07:37.723Z] [ERROR] Error connecting to Mikrotik: 
[2025-08-23T02:07:38.006Z] [ERROR] Error connecting to Mikrotik: 
[2025-08-23T02:07:38.007Z] [ERROR] No Mikrotik connection available for PPPoE monitoring
[2025-08-23T02:08:37.753Z] [ERROR] Error connecting to Mikrotik: 
[2025-08-23T02:08:38.035Z] [ERROR] Error connecting to Mikrotik: 
[2025-08-23T02:08:38.036Z] [ERROR] No Mikrotik connection available for PPPoE monitoring
[2025-08-23T02:09:37.752Z] [ERROR] Error connecting to Mikrotik: 
[2025-08-23T02:09:38.037Z] [ERROR] Error connecting to Mikrotik: 
[2025-08-23T02:09:38.037Z] [ERROR] No Mikrotik connection available for PPPoE monitoring
[2025-08-23T02:13:38.420Z] [ERROR] Error starting PPPoE monitoring: getSetting(...).toLowerCase is not a function
[2025-08-23T02:13:42.951Z] [ERROR] Error connecting to Mikrotik: 
[2025-08-23T02:13:47.009Z] [ERROR] Error connecting to Mikrotik: 
[2025-08-23T02:13:47.010Z] [ERROR] No Mikrotik connection available
[2025-08-23T02:13:49.053Z] [ERROR] Error connecting to Mikrotik: 
[2025-08-23T02:13:51.085Z] [ERROR] Error connecting to Mikrotik: 
[2025-08-23T02:13:51.086Z] [ERROR] No Mikrotik connection available
[2025-08-23T02:13:53.273Z] [ERROR] Error connecting to Mikrotik: 
[2025-08-23T02:13:53.274Z] [ERROR] No Mikrotik connection available
[2025-08-23T02:13:53.288Z] [ERROR] Error connecting to Mikrotik: 
[2025-08-23T02:13:56.275Z] [ERROR] Error connecting to Mikrotik: 
[2025-08-23T02:13:59.292Z] [ERROR] Error connecting to Mikrotik: 
[2025-08-23T02:14:06.451Z] [ERROR] Error connecting to Mikrotik: 
[2025-08-23T02:14:06.452Z] [ERROR] No Mikrotik connection available
[2025-08-23T02:14:08.479Z] [ERROR] Error connecting to Mikrotik: 
[2025-08-23T02:14:10.498Z] [ERROR] Error connecting to Mikrotik: 
[2025-08-23T02:14:10.499Z] [ERROR] No Mikrotik connection available
[2025-08-23T02:14:12.673Z] [ERROR] Error connecting to Mikrotik: 
[2025-08-23T02:14:12.674Z] [ERROR] No Mikrotik connection available
[2025-08-23T02:14:12.689Z] [ERROR] Error connecting to Mikrotik: 
[2025-08-23T02:14:15.676Z] [ERROR] Error connecting to Mikrotik: 
[2025-08-23T02:14:18.718Z] [ERROR] Error connecting to Mikrotik: 
[2025-08-23T02:14:21.733Z] [ERROR] Error connecting to Mikrotik: 
[2025-08-23T02:14:24.762Z] [ERROR] Error connecting to Mikrotik: 
[2025-08-23T02:14:27.747Z] [ERROR] Error connecting to Mikrotik: 
[2025-08-23T02:14:30.743Z] [ERROR] Error connecting to Mikrotik: 
[2025-08-23T02:14:33.744Z] [ERROR] Error connecting to Mikrotik: 
[2025-08-23T02:14:36.732Z] [ERROR] Error connecting to Mikrotik: 
[2025-08-23T02:14:39.741Z] [ERROR] Error connecting to Mikrotik: 
[2025-08-23T02:14:40.619Z] [ERROR] Error connecting to Mikrotik: 
[2025-08-23T02:14:40.620Z] [ERROR] No Mikrotik connection available for PPPoE monitoring
[2025-08-23T02:14:42.841Z] [ERROR] Error connecting to Mikrotik: 
[2025-08-23T02:14:45.731Z] [ERROR] Error connecting to Mikrotik: 
[2025-08-23T02:14:48.742Z] [ERROR] Error connecting to Mikrotik: 
[2025-08-23T02:14:51.731Z] [ERROR] Error connecting to Mikrotik: 
[2025-08-23T02:14:54.744Z] [ERROR] Error connecting to Mikrotik: 
[2025-08-23T02:14:57.742Z] [ERROR] Error connecting to Mikrotik: 
[2025-08-23T02:15:00.716Z] [ERROR] Error connecting to Mikrotik: 
[2025-08-23T02:15:03.742Z] [ERROR] Error connecting to Mikrotik: 
[2025-08-23T02:15:06.741Z] [ERROR] Error connecting to Mikrotik: 
[2025-08-23T02:15:09.728Z] [ERROR] Error connecting to Mikrotik: 
[2025-08-23T02:15:12.749Z] [ERROR] Error connecting to Mikrotik: 
[2025-08-23T02:15:15.737Z] [ERROR] Error connecting to Mikrotik: 
[2025-08-23T02:15:18.731Z] [ERROR] Error connecting to Mikrotik: 
[2025-08-23T02:15:21.769Z] [ERROR] Error connecting to Mikrotik: 
[2025-08-23T02:15:37.733Z] [ERROR] Error connecting to Mikrotik: 
[2025-08-23T02:15:40.648Z] [ERROR] Error connecting to Mikrotik: 
[2025-08-23T02:15:40.649Z] [ERROR] No Mikrotik connection available for PPPoE monitoring
[2025-08-23T02:16:37.754Z] [ERROR] Error connecting to Mikrotik: 
[2025-08-23T02:16:40.651Z] [ERROR] Error connecting to Mikrotik: 
[2025-08-23T02:16:40.651Z] [ERROR] No Mikrotik connection available for PPPoE monitoring
[2025-08-23T02:17:37.746Z] [ERROR] Error connecting to Mikrotik: 
[2025-08-23T02:17:40.673Z] [ERROR] Error connecting to Mikrotik: 
[2025-08-23T02:17:40.674Z] [ERROR] No Mikrotik connection available for PPPoE monitoring
[2025-08-23T02:18:37.736Z] [ERROR] Error connecting to Mikrotik: 
[2025-08-23T02:18:39.771Z] [ERROR] Error connecting to Mikrotik: 
[2025-08-23T02:18:40.685Z] [ERROR] Error connecting to Mikrotik: 
[2025-08-23T02:18:40.686Z] [ERROR] No Mikrotik connection available for PPPoE monitoring
[2025-08-23T02:19:37.741Z] [ERROR] Error connecting to Mikrotik: 
[2025-08-23T02:19:40.694Z] [ERROR] Error connecting to Mikrotik: 
[2025-08-23T02:19:40.696Z] [ERROR] No Mikrotik connection available for PPPoE monitoring
[2025-08-23T02:20:37.755Z] [ERROR] Error connecting to Mikrotik: 
[2025-08-23T02:20:40.685Z] [ERROR] Error connecting to Mikrotik: 
[2025-08-23T02:20:40.687Z] [ERROR] No Mikrotik connection available for PPPoE monitoring
[2025-08-23T02:22:55.369Z] [ERROR] Error starting PPPoE monitoring: getSetting(...).toLowerCase is not a function
[2025-08-23T02:23:37.735Z] [ERROR] Error connecting to Mikrotik: 
[2025-08-23T02:23:57.587Z] [ERROR] Error connecting to Mikrotik: 
[2025-08-23T02:23:57.588Z] [ERROR] No Mikrotik connection available for PPPoE monitoring
[2025-08-23T02:24:37.755Z] [ERROR] Error connecting to Mikrotik: 
[2025-08-23T02:24:56.222Z] [ERROR] Error connecting to Mikrotik: 
[2025-08-23T02:24:57.584Z] [ERROR] Error connecting to Mikrotik: 
[2025-08-23T02:24:57.586Z] [ERROR] No Mikrotik connection available for PPPoE monitoring
[2025-08-23T02:24:59.456Z] [ERROR] Error connecting to Mikrotik: 
[2025-08-23T02:24:59.457Z] [ERROR] No Mikrotik connection available
[2025-08-23T02:25:01.474Z] [ERROR] Error connecting to Mikrotik: 
[2025-08-23T02:25:03.506Z] [ERROR] Error connecting to Mikrotik: 
[2025-08-23T02:25:03.507Z] [ERROR] No Mikrotik connection available
[2025-08-23T02:25:05.733Z] [ERROR] Error connecting to Mikrotik: 
[2025-08-23T02:25:05.734Z] [ERROR] No Mikrotik connection available
[2025-08-23T02:25:05.735Z] [ERROR] Error connecting to Mikrotik: 
[2025-08-23T02:25:08.762Z] [ERROR] Error connecting to Mikrotik: 
[2025-08-23T02:25:11.787Z] [ERROR] Error connecting to Mikrotik: 
[2025-08-23T02:25:15.747Z] [ERROR] Error connecting to Mikrotik: 
[2025-08-23T02:25:18.769Z] [ERROR] Error connecting to Mikrotik: 
[2025-08-23T02:25:21.745Z] [ERROR] Error connecting to Mikrotik: 
[2025-08-23T02:25:24.758Z] [ERROR] Error connecting to Mikrotik: 
[2025-08-23T02:25:27.743Z] [ERROR] Error connecting to Mikrotik: 
[2025-08-23T02:25:30.757Z] [ERROR] Error connecting to Mikrotik: 
[2025-08-23T02:25:33.749Z] [ERROR] Error connecting to Mikrotik: 
[2025-08-23T02:25:36.740Z] [ERROR] Error connecting to Mikrotik: 
[2025-08-23T02:25:39.741Z] [ERROR] Error connecting to Mikrotik: 
[2025-08-23T02:25:42.755Z] [ERROR] Error connecting to Mikrotik: 
[2025-08-23T02:25:45.733Z] [ERROR] Error connecting to Mikrotik: 
[2025-08-23T02:25:48.737Z] [ERROR] Error connecting to Mikrotik: 
[2025-08-23T02:25:51.748Z] [ERROR] Error connecting to Mikrotik: 
[2025-08-23T02:25:54.738Z] [ERROR] Error connecting to Mikrotik: 
[2025-08-23T02:25:56.770Z] [ERROR] Error connecting to Mikrotik: 
[2025-08-23T02:25:57.612Z] [ERROR] Error connecting to Mikrotik: 
[2025-08-23T02:25:57.613Z] [ERROR] No Mikrotik connection available for PPPoE monitoring
[2025-08-23T02:26:00.738Z] [ERROR] Error connecting to Mikrotik: 
[2025-08-23T02:26:03.741Z] [ERROR] Error connecting to Mikrotik: 
[2025-08-23T02:26:06.761Z] [ERROR] Error connecting to Mikrotik: 
[2025-08-23T02:26:09.755Z] [ERROR] Error connecting to Mikrotik: 
[2025-08-23T02:26:11.803Z] [ERROR] Error connecting to Mikrotik: 
[2025-08-23T02:26:37.743Z] [ERROR] Error connecting to Mikrotik: 
[2025-08-23T02:26:57.615Z] [ERROR] Error connecting to Mikrotik: 
[2025-08-23T02:26:57.616Z] [ERROR] No Mikrotik connection available for PPPoE monitoring
[2025-08-23T02:27:37.743Z] [ERROR] Error connecting to Mikrotik: 
[2025-08-23T02:27:56.783Z] [ERROR] Error connecting to Mikrotik: 
[2025-08-23T02:27:57.642Z] [ERROR] Error connecting to Mikrotik: 
[2025-08-23T02:27:57.643Z] [ERROR] No Mikrotik connection available for PPPoE monitoring
[2025-08-23T02:28:25.903Z] [ERROR] Error starting PPPoE monitoring: getSetting(...).toLowerCase is not a function
[2025-08-23T02:28:30.686Z] [ERROR] Error connecting to Mikrotik: 
[2025-08-23T02:28:33.652Z] [ERROR] Error connecting to Mikrotik: 
[2025-08-23T02:28:33.653Z] [ERROR] No Mikrotik connection available
[2025-08-23T02:28:35.672Z] [ERROR] Error connecting to Mikrotik: 
[2025-08-23T02:28:37.696Z] [ERROR] Error connecting to Mikrotik: 
[2025-08-23T02:28:37.697Z] [ERROR] No Mikrotik connection available
[2025-08-23T02:28:39.909Z] [ERROR] Error connecting to Mikrotik: 
[2025-08-23T02:28:39.911Z] [ERROR] Error connecting to Mikrotik: 
[2025-08-23T02:28:39.912Z] [ERROR] No Mikrotik connection available
[2025-08-23T02:29:28.148Z] [ERROR] Error connecting to Mikrotik: 
[2025-08-23T02:29:28.149Z] [ERROR] No Mikrotik connection available for PPPoE monitoring
[2025-08-23T02:30:28.159Z] [ERROR] Error connecting to Mikrotik: 
[2025-08-23T02:30:28.160Z] [ERROR] No Mikrotik connection available for PPPoE monitoring
[2025-08-23T02:31:28.133Z] [ERROR] Error connecting to Mikrotik: 
[2025-08-23T02:31:28.134Z] [ERROR] No Mikrotik connection available for PPPoE monitoring
[2025-08-23T02:32:28.163Z] [ERROR] Error connecting to Mikrotik: 
[2025-08-23T02:32:28.164Z] [ERROR] No Mikrotik connection available for PPPoE monitoring
[2025-08-23T02:33:27.337Z] [ERROR] Error connecting to Mikrotik: 
[2025-08-23T02:33:28.167Z] [ERROR] Error connecting to Mikrotik: 
[2025-08-23T02:33:28.169Z] [ERROR] No Mikrotik connection available for PPPoE monitoring
[2025-08-23T02:34:28.193Z] [ERROR] Error connecting to Mikrotik: 
[2025-08-23T02:34:28.194Z] [ERROR] No Mikrotik connection available for PPPoE monitoring
[2025-08-23T02:35:28.183Z] [ERROR] Error connecting to Mikrotik: 
[2025-08-23T02:35:28.184Z] [ERROR] No Mikrotik connection available for PPPoE monitoring
[2025-08-23T02:36:28.209Z] [ERROR] Error connecting to Mikrotik: 
[2025-08-23T02:36:28.209Z] [ERROR] No Mikrotik connection available for PPPoE monitoring
[2025-08-23T02:37:28.212Z] [ERROR] Error connecting to Mikrotik: 
[2025-08-23T02:37:28.214Z] [ERROR] No Mikrotik connection available for PPPoE monitoring
[2025-08-23T02:38:28.227Z] [ERROR] Error connecting to Mikrotik: 
[2025-08-23T02:38:28.228Z] [ERROR] No Mikrotik connection available for PPPoE monitoring
[2025-08-23T02:39:28.217Z] [ERROR] Error connecting to Mikrotik: 
[2025-08-23T02:39:28.218Z] [ERROR] No Mikrotik connection available for PPPoE monitoring
[2025-08-23T02:40:28.246Z] [ERROR] Error connecting to Mikrotik: 
[2025-08-23T02:40:28.247Z] [ERROR] No Mikrotik connection available for PPPoE monitoring
[2025-08-23T02:41:28.248Z] [ERROR] Error connecting to Mikrotik: 
[2025-08-23T02:41:28.249Z] [ERROR] No Mikrotik connection available for PPPoE monitoring
[2025-08-23T02:50:29.341Z] [ERROR] Error starting PPPoE monitoring: getSetting(...).toLowerCase is not a function
